<?xml version="1.0" encoding="UTF-8"?>
<!-- Generated by org.testng.reporters.JUnitXMLReporter -->
<testsuite ignored="0" hostname="Dell-pc" failures="2" tests="2" name="Default test(failed)" time="0.102" errors="0" timestamp="2021-11-01T15:03:44 IST">
  <testcase classname="Framework.DataProvider" name="createTest" time="0.0">
    <failure type="org.testng.TestNGException" message="
Method public void Framework.DataProvider.createTest(java.lang.String,java.lang.String,java.lang.String) requires a @DataProvider named : prepareTestData">
      <![CDATA[org.testng.TestNGException: 
Method public void Framework.DataProvider.createTest(java.lang.String,java.lang.String,java.lang.String) requires a @DataProvider named : prepareTestData
at java.base/java.util.ArrayList.forEach(ArrayList.java:1511)
... Removed 24 stack frames]]>
    </failure>
  </testcase> <!-- createTest -->
  <testcase classname="Framework.DataProvider" name="getData" time="0.0">
    <failure type="org.testng.TestNGException" message="
Method public void Framework.DataProvider.getData(java.lang.Object,java.lang.Object,java.lang.Object) requires a @DataProvider named : testdata">
      <![CDATA[org.testng.TestNGException: 
Method public void Framework.DataProvider.getData(java.lang.Object,java.lang.Object,java.lang.Object) requires a @DataProvider named : testdata
at java.base/java.util.ArrayList.forEach(ArrayList.java:1511)
... Removed 24 stack frames]]>
    </failure>
  </testcase> <!-- getData -->
</testsuite> <!-- Default test(failed) -->
